<?xml version="1.0" encoding="UTF-8"?>
<!-- Generated by org.testng.reporters.JUnitReportReporter -->
<testsuite hostname="DESKTOP-T95AVB5" name="Webdriverprogrames.SampleTestNGProg" tests="3" failures="0" timestamp="7 Jun 2020 14:36:42 GMT" time="0.070" errors="0">
  <testcase name="login" time="0.031" classname="Webdriverprogrames.SampleTestNGProg"/>
  <testcase name="dailyreport" time="0.006" classname="Webdriverprogrames.SampleTestNGProg"/>
  <testcase name="logout" time="0.033" classname="Webdriverprogrames.SampleTestNGProg"/>
</testsuite> <!-- Webdriverprogrames.SampleTestNGProg -->
