<?xml version="1.0" encoding="UTF-8"?>
<!-- Generated by org.testng.reporters.JUnitReportReporter -->
<testsuite hostname="DESKTOP-T95AVB5" name="WorkingwithJavascriptExecutor.Tc1FBlogin" tests="1" failures="0" timestamp="12 Sep 2020 15:49:49 GMT" time="15.006" errors="0">
  <testcase name="operation" time="15.006" classname="WorkingwithJavascriptExecutor.Tc1FBlogin"/>
</testsuite> <!-- WorkingwithJavascriptExecutor.Tc1FBlogin -->
