<?xml version="1.0" encoding="UTF-8"?>
<!-- Generated by org.testng.reporters.JUnitReportReporter -->
<testsuite hostname="DESKTOP-T95AVB5" name="AdvanceduserIntractions.Tc1Rightclickoperation" tests="1" failures="0" timestamp="8 Sep 2020 15:08:33 GMT" time="0.869" errors="0">
  <testcase name="data" time="0.869" classname="AdvanceduserIntractions.Tc1Rightclickoperation"/>
</testsuite> <!-- AdvanceduserIntractions.Tc1Rightclickoperation -->
