<?xml version="1.0" encoding="UTF-8"?>
<!-- Generated by org.testng.reporters.JUnitReportReporter -->
<testsuite hostname="DESKTOP-T95AVB5" name="TestNGFrameworkProg.WorkingwithWebtables" tests="1" failures="0" timestamp="4 Sep 2020 03:03:00 GMT" time="2.686" errors="0">
  <testcase name="data" time="2.686" classname="TestNGFrameworkProg.WorkingwithWebtables"/>
</testsuite> <!-- TestNGFrameworkProg.WorkingwithWebtables -->
