<?xml version="1.0" encoding="UTF-8"?>
<!-- Generated by org.testng.reporters.JUnitReportReporter -->
<testsuite hostname="DESKTOP-T95AVB5" name="WebdriverwithPOI.CountnoofElementsinsetintoExcel" tests="1" failures="0" timestamp="23 Sep 2020 16:15:36 GMT" time="11.137" errors="0">
  <testcase name="data" time="11.137" classname="WebdriverwithPOI.CountnoofElementsinsetintoExcel"/>
</testsuite> <!-- WebdriverwithPOI.CountnoofElementsinsetintoExcel -->
