<?xml version="1.0" encoding="UTF-8"?>
<!-- Generated by org.testng.reporters.JUnitReportReporter -->
<testsuite hostname="DESKTOP-T95AVB5" name="AdvanceduserIntractions.DragandDroponSlider" tests="1" failures="0" timestamp="8 Sep 2020 15:31:52 GMT" time="1.030" errors="0">
  <testcase name="operation" time="1.030" classname="AdvanceduserIntractions.DragandDroponSlider"/>
</testsuite> <!-- AdvanceduserIntractions.DragandDroponSlider -->
