<?xml version="1.0" encoding="UTF-8"?>
<!-- Generated by org.testng.reporters.JUnitReportReporter -->
<testsuite hostname="DESKTOP-T95AVB5" name="WebdriverwithPOI.GetLinknameinsertintoExcel" tests="1" failures="0" timestamp="23 Sep 2020 16:01:41 GMT" time="10.327" errors="0">
  <testcase name="data" time="10.327" classname="WebdriverwithPOI.GetLinknameinsertintoExcel"/>
</testsuite> <!-- WebdriverwithPOI.GetLinknameinsertintoExcel -->
