<?xml version="1.0" encoding="UTF-8"?>
<!-- Generated by org.testng.reporters.JUnitReportReporter -->
<testsuite hostname="DESKTOP-T95AVB5" name="WorkingwithCookies.Tc1countcookies" tests="1" failures="0" timestamp="12 Sep 2020 15:05:30 GMT" time="0.155" errors="0">
  <testcase name="data" time="0.155" classname="WorkingwithCookies.Tc1countcookies"/>
</testsuite> <!-- WorkingwithCookies.Tc1countcookies -->
