<?xml version="1.0" encoding="UTF-8"?>
<!-- Generated by org.testng.reporters.JUnitReportReporter -->
<testsuite hostname="DESKTOP-T95AVB5" name="AdvanceduserIntractions.MouseMovingOperation" tests="1" failures="0" timestamp="9 Sep 2020 03:21:18 GMT" time="5.569" errors="0">
  <testcase name="data" time="5.569" classname="AdvanceduserIntractions.MouseMovingOperation"/>
</testsuite> <!-- AdvanceduserIntractions.MouseMovingOperation -->
