<?xml version="1.0" encoding="UTF-8"?>
<!-- Generated by org.testng.reporters.JUnitReportReporter -->
<testsuite hostname="DESKTOP-T95AVB5" name="Webdriverprogrames.workingwithcookies" tests="1" failures="0" timestamp="18 Jun 2020 14:20:36 GMT" time="0.143" errors="0">
  <testcase name="data" time="0.143" classname="Webdriverprogrames.workingwithcookies"/>
</testsuite> <!-- Webdriverprogrames.workingwithcookies -->
