<?xml version="1.0" encoding="UTF-8"?>
<!-- Generated by org.testng.reporters.JUnitReportReporter -->
<testsuite hostname="DESKTOP-T95AVB5" name="SeleniumProperties.HRMloginbyProperties" tests="1" failures="0" timestamp="17 Sep 2020 03:32:28 GMT" time="19.626" errors="0">
  <testcase name="data" time="19.626" classname="SeleniumProperties.HRMloginbyProperties"/>
</testsuite> <!-- SeleniumProperties.HRMloginbyProperties -->
