<?xml version="1.0" encoding="UTF-8"?>
<!-- Generated by org.testng.reporters.JUnitReportReporter -->
<testsuite hostname="DESKTOP-T95AVB5" name="WorkingwithDatepicker.Ex2Datepicker" tests="1" failures="0" timestamp="13 Sep 2020 15:03:17 GMT" time="11.048" errors="0">
  <testcase name="operation" time="11.048" classname="WorkingwithDatepicker.Ex2Datepicker"/>
</testsuite> <!-- WorkingwithDatepicker.Ex2Datepicker -->
