<?xml version="1.0" encoding="UTF-8"?>
<!-- Generated by org.testng.reporters.JUnitReportReporter -->
<testsuite hostname="DESKTOP-T95AVB5" name="TestNGproject.WorkingwithWebtables" tests="1" failures="0" timestamp="27 Jun 2020 05:45:47 GMT" time="6.369" errors="0">
  <testcase name="operation" time="6.369" classname="TestNGproject.WorkingwithWebtables"/>
</testsuite> <!-- TestNGproject.WorkingwithWebtables -->
