<?xml version="1.0" encoding="UTF-8"?>
<!-- Generated by org.testng.reporters.JUnitReportReporter -->
<testsuite hostname="DESKTOP-T95AVB5" name="AutomationFrameworks.Tc1CodymyMethods" tests="1" failures="0" timestamp="27 Sep 2020 13:59:59 GMT" time="40.576" errors="0">
  <testcase name="data" time="40.576" classname="AutomationFrameworks.Tc1CodymyMethods"/>
</testsuite> <!-- AutomationFrameworks.Tc1CodymyMethods -->
