<?xml version="1.0" encoding="UTF-8"?>
<!-- Generated by org.testng.reporters.JUnitReportReporter -->
<testsuite hostname="DESKTOP-T95AVB5" name="TestNGproject.Workingwithcookies" tests="1" failures="0" timestamp="7 Jul 2020 05:37:42 GMT" time="0.093" errors="0">
  <testcase name="data" time="0.093" classname="TestNGproject.Workingwithcookies"/>
</testsuite> <!-- TestNGproject.Workingwithcookies -->
