<?xml version="1.0" encoding="UTF-8"?>
<!-- Generated by org.testng.reporters.JUnitReportReporter -->
<testsuite hostname="DESKTOP-T95AVB5" name="WorkingwithWindowElements.AutoITEx3" tests="1" failures="0" timestamp="14 Sep 2020 15:06:45 GMT" time="12.007" errors="0">
  <testcase name="task" time="12.007" classname="WorkingwithWindowElements.AutoITEx3"/>
</testsuite> <!-- WorkingwithWindowElements.AutoITEx3 -->
