<?xml version="1.0" encoding="UTF-8"?>
<!-- Generated by org.testng.reporters.JUnitReportReporter -->
<testsuite hostname="DESKTOP-T95AVB5" name="TestNGFramework.HRMloginByTestNG" tests="1" failures="0" timestamp="19 Sep 2020 03:29:17 GMT" time="7.742" errors="0">
  <testcase name="login" time="7.742" classname="TestNGFramework.HRMloginByTestNG"/>
</testsuite> <!-- TestNGFramework.HRMloginByTestNG -->
