<?xml version="1.0" encoding="UTF-8"?>
<!-- Generated by org.testng.reporters.JUnitReportReporter -->
<testsuite hostname="DESKTOP-T95AVB5" name="TestNGFrameworkProg.SampleTestNGTC" tests="3" failures="0" timestamp="2 Sep 2020 03:39:13 GMT" time="0.033" errors="0">
  <testcase name="logout" time="0.004" classname="TestNGFrameworkProg.SampleTestNGTC"/>
  <testcase name="sendreport" time="0.002" classname="TestNGFrameworkProg.SampleTestNGTC"/>
  <testcase name="login" time="0.027" classname="TestNGFrameworkProg.SampleTestNGTC"/>
</testsuite> <!-- TestNGFrameworkProg.SampleTestNGTC -->
