<?xml version="1.0" encoding="UTF-8"?>
<!-- Generated by org.testng.reporters.JUnitReportReporter -->
<testsuite hostname="DESKTOP-T95AVB5" name="WorkingwithWindowElements.AutoITEx1" tests="1" failures="0" timestamp="13 Sep 2020 16:04:37 GMT" time="8.827" errors="0">
  <testcase name="data" time="8.827" classname="WorkingwithWindowElements.AutoITEx1"/>
</testsuite> <!-- WorkingwithWindowElements.AutoITEx1 -->
