<?xml version="1.0" encoding="UTF-8"?>
<!-- Generated by org.testng.reporters.JUnitReportReporter -->
<testsuite hostname="DESKTOP-T95AVB5" name="AutomationFrameworks.HRMcodybyPOM" tests="1" failures="0" timestamp="30 Sep 2020 16:09:37 GMT" time="4.968" errors="0">
  <testcase name="script" time="4.968" classname="AutomationFrameworks.HRMcodybyPOM"/>
</testsuite> <!-- AutomationFrameworks.HRMcodybyPOM -->
