<?xml version="1.0" encoding="UTF-8"?>
<!-- Generated by org.testng.reporters.JUnitReportReporter -->
<testsuite hostname="DESKTOP-T95AVB5" name="TestNGFrameworkProg.WorkingwithAlerts" tests="1" failures="0" timestamp="10 Sep 2020 03:00:17 GMT" time="5.346" errors="0">
  <testcase name="data" time="5.346" classname="TestNGFrameworkProg.WorkingwithAlerts"/>
</testsuite> <!-- TestNGFrameworkProg.WorkingwithAlerts -->
