<?xml version="1.0" encoding="UTF-8"?>
<!-- Generated by org.testng.reporters.JUnitReportReporter -->
<testsuite hostname="DESKTOP-T95AVB5" name="AutomationFrameworks.Datadriven2" tests="1" failures="0" timestamp="25 Sep 2020 16:02:06 GMT" time="4.273" errors="0">
  <testcase name="data" time="4.273" classname="AutomationFrameworks.Datadriven2"/>
</testsuite> <!-- AutomationFrameworks.Datadriven2 -->
