<?xml version="1.0" encoding="UTF-8"?>
<!-- Generated by org.testng.reporters.JUnitReportReporter -->
<testsuite hostname="DESKTOP-T95AVB5" name="WorkingwithFrames.ClickonElementWithoutFrameno" tests="1" failures="0" timestamp="4 Sep 2020 15:02:41 GMT" time="2.993" errors="0">
  <testcase name="data" time="2.993" classname="WorkingwithFrames.ClickonElementWithoutFrameno"/>
</testsuite> <!-- WorkingwithFrames.ClickonElementWithoutFrameno -->
