<?xml version="1.0" encoding="UTF-8"?>
<!-- Generated by org.testng.reporters.JUnitReportReporter -->
<testsuite hostname="DESKTOP-T95AVB5" name="WorkingwithWebtables.CountnoofRowsCOlumns" tests="1" failures="0" timestamp="2 Sep 2020 15:07:40 GMT" time="0.970" errors="0">
  <testcase name="countingrowscolumns" time="0.970" classname="WorkingwithWebtables.CountnoofRowsCOlumns"/>
</testsuite> <!-- WorkingwithWebtables.CountnoofRowsCOlumns -->
