<?xml version="1.0" encoding="UTF-8"?>
<!-- Generated by org.testng.reporters.JUnitReportReporter -->
<testsuite hostname="DESKTOP-T95AVB5" name="TestNGproject.SampleTestNGprog" tests="4" failures="0" timestamp="25 Jun 2020 05:04:13 GMT" time="0.048" errors="0">
  <testcase name="dailyreport" time="0.014" classname="TestNGproject.SampleTestNGprog"/>
  <testcase name="sendtoTL" time="0.015" classname="TestNGproject.SampleTestNGprog"/>
  <testcase name="login" time="0.016" classname="TestNGproject.SampleTestNGprog"/>
  <testcase name="logout" time="0.003" classname="TestNGproject.SampleTestNGprog"/>
</testsuite> <!-- TestNGproject.SampleTestNGprog -->
