<?xml version="1.0" encoding="UTF-8"?>
<!-- Generated by org.testng.reporters.JUnitReportReporter -->
<testsuite hostname="DESKTOP-T95AVB5" name="Webdriverprogrames.WorkingwithAlerts" tests="1" failures="0" timestamp="13 Jun 2020 14:07:47 GMT" time="6.279" errors="0">
  <testcase name="data" time="6.279" classname="Webdriverprogrames.WorkingwithAlerts"/>
</testsuite> <!-- Webdriverprogrames.WorkingwithAlerts -->
