<?xml version="1.0" encoding="UTF-8"?>
<!-- Generated by org.testng.reporters.JUnitReportReporter -->
<testsuite hostname="DESKTOP-T95AVB5" name="Workingwithpopups.popupsexap" tests="1" failures="0" timestamp="10 Sep 2020 15:31:59 GMT" time="22.109" errors="0">
  <testcase name="popup" time="22.109" classname="Workingwithpopups.popupsexap"/>
</testsuite> <!-- Workingwithpopups.popupsexap -->
