<?xml version="1.0" encoding="UTF-8"?>
<!-- Generated by org.testng.reporters.JUnitReportReporter -->
<testsuite hostname="DESKTOP-T95AVB5" name="WorkingwithWindowElements.WorkingwithRobot3" tests="1" failures="0" timestamp="13 Sep 2020 15:44:41 GMT" time="9.124" errors="0">
  <testcase name="data" time="9.124" classname="WorkingwithWindowElements.WorkingwithRobot3"/>
</testsuite> <!-- WorkingwithWindowElements.WorkingwithRobot3 -->
