<?xml version="1.0" encoding="UTF-8"?>
<!-- Generated by org.testng.reporters.JUnitReportReporter -->
<testsuite hostname="DESKTOP-T95AVB5" name="WorkingwithWindowElements.Ex1Sikuli" tests="1" failures="0" timestamp="14 Sep 2020 15:34:46 GMT" time="16.483" errors="0">
  <testcase name="data" time="16.483" classname="WorkingwithWindowElements.Ex1Sikuli"/>
</testsuite> <!-- WorkingwithWindowElements.Ex1Sikuli -->
