<?xml version="1.0" encoding="UTF-8"?>
<!-- Generated by org.testng.reporters.JUnitReportReporter -->
<testsuite hostname="DESKTOP-T95AVB5" name="WorkingwithWebtables.Tc1Countwebtables" tests="1" failures="0" timestamp="2 Sep 2020 15:06:47 GMT" time="0.188" errors="0">
  <testcase name="count" time="0.188" classname="WorkingwithWebtables.Tc1Countwebtables"/>
</testsuite> <!-- WorkingwithWebtables.Tc1Countwebtables -->
