<?xml version="1.0" encoding="UTF-8"?>
<!-- Generated by org.testng.reporters.JUnitReportReporter -->
<testsuite hostname="DESKTOP-T95AVB5" name="AutomationFrameworks.Datadriven1" tests="1" failures="0" timestamp="24 Sep 2020 16:37:50 GMT" time="81.217" errors="0">
  <testcase name="data" time="81.217" classname="AutomationFrameworks.Datadriven1"/>
</testsuite> <!-- AutomationFrameworks.Datadriven1 -->
