<?xml version="1.0" encoding="UTF-8"?>
<!-- Generated by org.testng.reporters.JUnitReportReporter -->
<testsuite hostname="DESKTOP-T95AVB5" name="WorkingwithQRcode.Ex1qrcode" tests="1" failures="0" timestamp="16 Sep 2020 15:45:41 GMT" time="1.894" errors="0">
  <testcase name="data" time="1.894" classname="WorkingwithQRcode.Ex1qrcode"/>
</testsuite> <!-- WorkingwithQRcode.Ex1qrcode -->
