<?xml version="1.0" encoding="UTF-8"?>
<!-- Generated by org.testng.reporters.JUnitReportReporter -->
<testsuite hostname="DESKTOP-T95AVB5" name="WorkingwithDatepicker.Tc1Expdatapicker" tests="1" failures="0" timestamp="13 Sep 2020 14:52:30 GMT" time="0.468" errors="0">
  <testcase name="data" time="0.468" classname="WorkingwithDatepicker.Tc1Expdatapicker"/>
</testsuite> <!-- WorkingwithDatepicker.Tc1Expdatapicker -->
