<?xml version="1.0" encoding="UTF-8"?>
<!-- Generated by org.testng.reporters.JUnitReportReporter -->
<testsuite hostname="DESKTOP-T95AVB5" name="WorkingwithWindowElements.WorkingwithRobot1" tests="1" failures="0" timestamp="13 Sep 2020 15:23:55 GMT" time="16.286" errors="0">
  <testcase name="data" time="16.286" classname="WorkingwithWindowElements.WorkingwithRobot1"/>
</testsuite> <!-- WorkingwithWindowElements.WorkingwithRobot1 -->
