<?xml version="1.0" encoding="UTF-8"?>
<!-- Generated by org.testng.reporters.JUnitReportReporter -->
<testsuite hostname="DESKTOP-T95AVB5" name="Webdriverprogrames.Workingwithframes" tests="1" failures="0" timestamp="12 Jun 2020 14:11:01 GMT" time="3.369" errors="0">
  <testcase name="data" time="3.369" classname="Webdriverprogrames.Workingwithframes"/>
</testsuite> <!-- Webdriverprogrames.Workingwithframes -->
