<?xml version="1.0" encoding="UTF-8"?>
<!-- Generated by org.testng.reporters.JUnitReportReporter -->
<testsuite hostname="DESKTOP-T95AVB5" name="WorkingwithAlerts" tests="1" failures="0" timestamp="9 Sep 2020 15:19:41 GMT" time="3.582" errors="0">
  <testcase name="data" time="3.582" classname="WorkingwithAlerts"/>
</testsuite> <!-- WorkingwithAlerts -->
