<?xml version="1.0" encoding="UTF-8"?>
<!-- Generated by org.testng.reporters.JUnitReportReporter -->
<testsuite hostname="DESKTOP-T95AVB5" name="TestNGFrameworkProg.Workingwithframes" tests="1" failures="0" timestamp="4 Sep 2020 03:20:20 GMT" time="5.166" errors="0">
  <testcase name="data" time="5.166" classname="TestNGFrameworkProg.Workingwithframes"/>
</testsuite> <!-- TestNGFrameworkProg.Workingwithframes -->
