<?xml version="1.0" encoding="UTF-8"?>
<!-- Generated by org.testng.reporters.JUnitReportReporter -->
<testsuite hostname="DESKTOP-T95AVB5" name="WorkingwithCookies.Tc2DeleteAllCookies" tests="1" failures="0" timestamp="12 Sep 2020 15:08:52 GMT" time="0.323" errors="0">
  <testcase name="data" time="0.323" classname="WorkingwithCookies.Tc2DeleteAllCookies"/>
</testsuite> <!-- WorkingwithCookies.Tc2DeleteAllCookies -->
