<?xml version="1.0" encoding="UTF-8"?>
<!-- Generated by org.testng.reporters.JUnitReportReporter -->
<testsuite hostname="DESKTOP-T95AVB5" name="WorkingwithFrames.Tc2ClickonElementunderframe" tests="1" failures="0" timestamp="3 Sep 2020 15:31:04 GMT" time="1.601" errors="0">
  <testcase name="data" time="1.601" classname="WorkingwithFrames.Tc2ClickonElementunderframe"/>
</testsuite> <!-- WorkingwithFrames.Tc2ClickonElementunderframe -->
