<?xml version="1.0" encoding="UTF-8"?>
<!-- Generated by org.testng.reporters.JUnitReportReporter -->
<testsuite hostname="DESKTOP-T95AVB5" name="TestNGFrameworkProg.WebdriverwithPOI" tests="1" failures="0" timestamp="23 Sep 2020 03:25:45 GMT" time="8.201" errors="0">
  <testcase name="data" time="8.201" classname="TestNGFrameworkProg.WebdriverwithPOI"/>
</testsuite> <!-- TestNGFrameworkProg.WebdriverwithPOI -->
