<?xml version="1.0" encoding="UTF-8"?>
<!-- Generated by org.testng.reporters.JUnitReportReporter -->
<testsuite hostname="DESKTOP-T95AVB5" name="Webdriverprogrames.Workingwithwebtable" tests="1" failures="0" timestamp="9 Jun 2020 14:09:31 GMT" time="10.102" errors="0">
  <testcase name="data" time="10.102" classname="Webdriverprogrames.Workingwithwebtable"/>
</testsuite> <!-- Webdriverprogrames.Workingwithwebtable -->
