<?xml version="1.0" encoding="UTF-8"?>
<!-- Generated by org.testng.reporters.JUnitReportReporter -->
<testsuite hostname="DESKTOP-T95AVB5" name="WorkingwithWebtables.Getdaatafromcolumns" tests="1" failures="0" timestamp="2 Sep 2020 15:24:47 GMT" time="1.955" errors="0">
  <testcase name="data" time="1.955" classname="WorkingwithWebtables.Getdaatafromcolumns"/>
</testsuite> <!-- WorkingwithWebtables.Getdaatafromcolumns -->
