<?xml version="1.0" encoding="UTF-8"?>
<!-- Generated by org.testng.reporters.JUnitReportReporter -->
<testsuite hostname="DESKTOP-T95AVB5" name="Webdriverprogrames.Exappopups" tests="1" failures="0" timestamp="11 Sep 2020 03:18:58 GMT" time="19.443" errors="0">
  <testcase name="data" time="19.443" classname="Webdriverprogrames.Exappopups"/>
</testsuite> <!-- Webdriverprogrames.Exappopups -->
