<?xml version="1.0" encoding="UTF-8"?>
<!-- Generated by org.testng.reporters.JUnitReportReporter -->
<testsuite hostname="DESKTOP-T95AVB5" name="WorkingwithFrames.Tc1Countframes" tests="1" failures="0" timestamp="3 Sep 2020 15:24:03 GMT" time="0.172" errors="0">
  <testcase name="data" time="0.172" classname="WorkingwithFrames.Tc1Countframes"/>
</testsuite> <!-- WorkingwithFrames.Tc1Countframes -->
