<?xml version="1.0" encoding="UTF-8"?>
<!-- Generated by org.testng.reporters.JUnitReportReporter -->
<testsuite hostname="DESKTOP-T95AVB5" name="WorkingwithWebtables.WorkingwithDynamicWebtables" tests="1" failures="0" timestamp="4 Sep 2020 03:05:08 GMT" time="25.461" errors="0">
  <testcase name="data" time="25.461" classname="WorkingwithWebtables.WorkingwithDynamicWebtables"/>
</testsuite> <!-- WorkingwithWebtables.WorkingwithDynamicWebtables -->
