<?xml version="1.0" encoding="UTF-8"?>
<!-- Generated by org.testng.reporters.JUnitReportReporter -->
<testsuite hostname="DESKTOP-T95AVB5" name="AdvanceduserIntractions.DragandDrop" tests="1" failures="0" timestamp="9 Sep 2020 15:04:17 GMT" time="3.603" errors="0">
  <testcase name="operation" time="3.603" classname="AdvanceduserIntractions.DragandDrop"/>
</testsuite> <!-- AdvanceduserIntractions.DragandDrop -->
