<?xml version="1.0" encoding="UTF-8"?>
<!-- Generated by org.testng.reporters.JUnitReportReporter -->
<testsuite hostname="DESKTOP-T95AVB5" name="WorkingwithJavascriptExecutor.ScrollpagebyJavascriptExecutor" tests="1" failures="0" timestamp="12 Sep 2020 16:06:30 GMT" time="0.084" errors="0">
  <testcase name="task" time="0.084" classname="WorkingwithJavascriptExecutor.ScrollpagebyJavascriptExecutor"/>
</testsuite> <!-- WorkingwithJavascriptExecutor.ScrollpagebyJavascriptExecutor -->
