<?xml version="1.0" encoding="UTF-8"?>
<!-- Generated by org.testng.reporters.JUnitReportReporter -->
<testsuite hostname="DESKTOP-T95AVB5" name="TestNGFrameworkProg.AdvancedUserIntractions" tests="1" failures="0" timestamp="8 Sep 2020 03:16:43 GMT" time="0.686" errors="0">
  <testcase name="operation" time="0.686" classname="TestNGFrameworkProg.AdvancedUserIntractions"/>
</testsuite> <!-- TestNGFrameworkProg.AdvancedUserIntractions -->
