<?xml version="1.0" encoding="UTF-8"?>
<!-- Generated by org.testng.reporters.JUnitReportReporter -->
<testsuite hostname="DESKTOP-T95AVB5" name="WorkingwithWindowElements.AutoITEx2" tests="1" failures="0" timestamp="14 Sep 2020 14:55:58 GMT" time="14.649" errors="0">
  <testcase name="data" time="14.649" classname="WorkingwithWindowElements.AutoITEx2"/>
</testsuite> <!-- WorkingwithWindowElements.AutoITEx2 -->
