<?xml version="1.0" encoding="UTF-8"?>
<!-- Generated by org.testng.reporters.JUnitReportReporter -->
<testsuite hostname="DESKTOP-T95AVB5" name="TestNGproject.WorkingwithAdvanceduserIntractions" tests="1" failures="0" timestamp="2 Jul 2020 05:32:05 GMT" time="3.367" errors="0">
  <testcase name="data" time="3.367" classname="TestNGproject.WorkingwithAdvanceduserIntractions"/>
</testsuite> <!-- TestNGproject.WorkingwithAdvanceduserIntractions -->
