<?xml version="1.0" encoding="UTF-8"?>
<!-- Generated by org.testng.reporters.JUnitReportReporter -->
<testsuite hostname="DESKTOP-T95AVB5" name="TestNGFramework.SampleTestNGTC" tests="3" failures="0" timestamp="1 Sep 2020 15:19:53 GMT" time="0.025" errors="0">
  <testcase name="logout" time="0.003" classname="TestNGFramework.SampleTestNGTC"/>
  <testcase name="sendreport" time="0.005" classname="TestNGFramework.SampleTestNGTC"/>
  <testcase name="login" time="0.017" classname="TestNGFramework.SampleTestNGTC"/>
</testsuite> <!-- TestNGFramework.SampleTestNGTC -->
