<?xml version="1.0" encoding="UTF-8"?>
<!-- Generated by org.testng.reporters.JUnitReportReporter -->
<testsuite hostname="DESKTOP-T95AVB5" name="WebdriverwithPOI.DropdownvaluesinsertotoExcel" tests="1" failures="0" timestamp="23 Sep 2020 16:26:01 GMT" time="9.583" errors="0">
  <testcase name="data" time="9.583" classname="WebdriverwithPOI.DropdownvaluesinsertotoExcel"/>
</testsuite> <!-- WebdriverwithPOI.DropdownvaluesinsertotoExcel -->
